0 info it worked if it ends with ok
1 verbose cli [ 'node',
1 verbose cli   '/usr/local/bin/npm',
1 verbose cli   'test',
1 verbose cli   'test/unit/controllersSpec.js' ]
2 info using npm@1.3.8
3 info using node@v0.10.18
4 error Error: ENOENT, open '/Users/tjblonsk/code/frontend-project/node_modules/test/unit/controllersSpec.js/package.json'
5 error If you need help, you may report this log at:
5 error     <http://github.com/isaacs/npm/issues>
5 error or email it to:
5 error     <npm-@googlegroups.com>
6 error System Darwin 12.5.0
7 error command "node" "/usr/local/bin/npm" "test" "test/unit/controllersSpec.js"
8 error cwd /Users/tjblonsk/code/frontend-project
9 error node -v v0.10.18
10 error npm -v 1.3.8
11 error path /Users/tjblonsk/code/frontend-project/node_modules/test/unit/controllersSpec.js/package.json
12 error code ENOENT
13 error errno 34
14 verbose exit [ 34, true ]
